
T2174 009:804 SEGGER J-Link V6.32 Log File (0001ms, 0729ms total)
T2174 009:804 DLL Compiled: Apr 20 2018 17:25:02 (0001ms, 0729ms total)
T2174 009:804 Logging started @ 2021-05-21 16:08 (0001ms, 0729ms total)
T2174 009:873 JLINK_RTTERMINAL_Read(BufferIndex = 0, BufferSize = 0x00000400)  returns 0 (0000ms, 0729ms total)
T2174 009:982 JLINK_RTTERMINAL_Read(BufferIndex = 0, BufferSize = 0x00000400)  returns 37 (0000ms, 0729ms total)
T2174 010:091 JLINK_RTTERMINAL_Read(BufferIndex = 0, BufferSize = 0x00000400)  returns 0 (0000ms, 0729ms total)
T2174 010:200 JLINK_RTTERMINAL_Read(BufferIndex = 0, BufferSize = 0x00000400)  returns 0 (0000ms, 0729ms total)
T2174 010:313 JLINK_RTTERMINAL_Read(BufferIndex = 0, BufferSize = 0x00000400)  returns 0 (0000ms, 0729ms total)
T2174 010:420 JLINK_RTTERMINAL_Read(BufferIndex = 0, BufferSize = 0x00000400)  returns 0 (0000ms, 0729ms total)
T2174 010:530 JLINK_RTTERMINAL_Read(BufferIndex = 0, BufferSize = 0x00000400)  returns 0 (0000ms, 0729ms total)
T2174 010:641 JLINK_RTTERMINAL_Read(BufferIndex = 0, BufferSize = 0x00000400)  returns 0 (0000ms, 0729ms total)
T2174 010:751 JLINK_RTTERMINAL_Read(BufferIndex = 0, BufferSize = 0x00000400)  returns 0 (0000ms, 0729ms total)
T2174 010:859 JLINK_RTTERMINAL_Read(BufferIndex = 0, BufferSize = 0x00000400)  returns 0 (0000ms, 0729ms total)
T2174 010:969 JLINK_RTTERMINAL_Read(BufferIndex = 0, BufferSize = 0x00000400)  returns 37 (0000ms, 0729ms total)
T2174 011:078 JLINK_RTTERMINAL_Read(BufferIndex = 0, BufferSize = 0x00000400)  returns 0 (0000ms, 0729ms total)
T2174 011:189 JLINK_RTTERMINAL_Read(BufferIndex = 0, BufferSize = 0x00000400)  returns 0 (0000ms, 0729ms total)
T2174 011:299 JLINK_RTTERMINAL_Read(BufferIndex = 0, BufferSize = 0x00000400)  returns 0 (0000ms, 0729ms total)
T2174 011:410 JLINK_RTTERMINAL_Read(BufferIndex = 0, BufferSize = 0x00000400)  returns 0 (0000ms, 0729ms total)
T2174 011:520 JLINK_RTTERMINAL_Read(BufferIndex = 0, BufferSize = 0x00000400)  returns 0 (0000ms, 0729ms total)
T2174 011:632 JLINK_RTTERMINAL_Read(BufferIndex = 0, BufferSize = 0x00000400)  returns 0 (0000ms, 0729ms total)
T2174 011:739 JLINK_RTTERMINAL_Read(BufferIndex = 0, BufferSize = 0x00000400)  returns 0 (0000ms, 0729ms total)
T2174 011:850 JLINK_RTTERMINAL_Read(BufferIndex = 0, BufferSize = 0x00000400)  returns 0 (0000ms, 0729ms total)
T2174 011:960 JLINK_RTTERMINAL_Read(BufferIndex = 0, BufferSize = 0x00000400)  returns 37 (0000ms, 0729ms total)
T2174 012:069 JLINK_RTTERMINAL_Read(BufferIndex = 0, BufferSize = 0x00000400)  returns 0 (0000ms, 0729ms total)
T2174 012:180 JLINK_RTTERMINAL_Read(BufferIndex = 0, BufferSize = 0x00000400)  returns 0 (0000ms, 0729ms total)
T2174 012:290 JLINK_RTTERMINAL_Read(BufferIndex = 0, BufferSize = 0x00000400)  returns 0 (0000ms, 0729ms total)
T2174 012:399 JLINK_RTTERMINAL_Read(BufferIndex = 0, BufferSize = 0x00000400)  returns 0 (0000ms, 0729ms total)
T2174 012:419 JLINK_ResetNoHalt() >0x10B TIF>Found SW-DP with ID 0x2BA01477 >0x0D TIF> >0x28 TIF> >0x0D TIF> >0x28 TIF> >0x0D TIF> >0x28 TIF> >0x0D TIF> >0x28 TIF> >0x0D TIF> >0x21 TIF> >0x0D TIF> >0x28 TIF>AP map detection skipped. Manually configured AP map found.AP[0]: AHB-AP (IDR: Not set) >0x42 TIF> >0x28 TIF> >0x0D TIF> >0x28 TIF> >0x0D TIF> >0x21 TIF> >0x0D TIF> >0x21 TIF> >0x42 TIF> >0x28 TIF> >0x0D TIF> >0x28 TIF> >0x0D TIF> >0x28 TIF> >0x0D TIF> >0x0D TIF> >0x21 TIF> >0x0D TIF> >0x21 TIF>
AP[0]: Core foundAP[0]: AHB-AP ROM base: 0xE00FF000 >0x0D TIF> >0x28 TIF> >0x0D TIF> >0x28 TIF> >0x0D TIF> >0x28 TIF> >0x0D TIF> >0x0D TIF> >0x21 TIF> >0x0D TIF> >0x21 TIF>CPUID register: 0x410FC241. Implementer code: 0x41 (ARM)Found Cortex-M4 r0p1, Little endian. -- CPU_ReadMem(4 bytes @ 0xE000EDF0) -- CPU_ReadMem(4 bytes @ 0xE0002000) -- CPU_ReadMem(4 bytes @ 0xE000EDFC) -- CPU_ReadMem(4 bytes @ 0xE0001000) -- CPU_WriteMem(4 bytes @ 0xE0001000) -- CPU_ReadMem(4 bytes @ 0xE000ED88)
 -- CPU_WriteMem(4 bytes @ 0xE000ED88) -- CPU_ReadMem(4 bytes @ 0xE000ED88) -- CPU_WriteMem(4 bytes @ 0xE000ED88)CoreSight components:ROMTbl[0] @ E00FF000 -- CPU_ReadMem(16 bytes @ 0xE00FF000) -- CPU_ReadMem(16 bytes @ 0xE000EFF0) -- CPU_ReadMem(16 bytes @ 0xE000EFE0)ROMTbl[0][0]: E000E000, CID: B105E00D, PID: 000BB00C SCS-M7 -- CPU_ReadMem(16 bytes @ 0xE0001FF0) -- CPU_ReadMem(16 bytes @ 0xE0001FE0)ROMTbl[0][1]: E0001000, CID: B105E00D, PID: 003BB002 DWT -- CPU_ReadMem(16 bytes @ 0xE0002FF0)
 -- CPU_ReadMem(16 bytes @ 0xE0002FE0)ROMTbl[0][2]: E0002000, CID: B105E00D, PID: 002BB003 FPB -- CPU_ReadMem(16 bytes @ 0xE0000FF0) -- CPU_ReadMem(16 bytes @ 0xE0000FE0)ROMTbl[0][3]: E0000000, CID: B105E00D, PID: 003BB001 ITM -- CPU_ReadMem(16 bytes @ 0xE00FF010) -- CPU_ReadMem(16 bytes @ 0xE0040FF0) -- CPU_ReadMem(16 bytes @ 0xE0040FE0)ROMTbl[0][4]: E0040000, CID: B105900D, PID: 000BB9A1 TPIU
                JLINK_Reset() -- CPU_WriteMem(4 bytes @ 0x200158B0) -- CPU is running -- CPU_WriteMem(4 bytes @ 0xE000EDF0) -- CPU is running -- CPU_WriteMem(4 bytes @ 0xE000EDFC) >0x35 TIF> -- CPU is running -- CPU_WriteMem(4 bytes @ 0xE000ED0C) >0x0D TIF> >0x28 TIF> -- CPU_ReadMem(4 bytes @ 0xE000EDF0) -- CPU_ReadMem(4 bytes @ 0xE000EDF0) -- CPU is running -- CPU_WriteMem(4 bytes @ 0xE000EDF0) -- CPU is running -- CPU_WriteMem(4 bytes @ 0xE000EDFC) -- CPU_ReadMem(4 bytes @ 0xE000EDF0)
 -- CPU_WriteMem(4 bytes @ 0xE0002000) -- CPU_ReadMem(4 bytes @ 0xE000EDFC) -- CPU_ReadMem(4 bytes @ 0xE0001000) (0069ms, 0069ms total)
                JLINK_Go() -- CPU_ReadMem(4 bytes @ 0xE0001000) -- CPU_WriteMem(4 bytes @ 0xE0001004) (0001ms, 0070ms total)
               (0195ms, 0924ms total)
T1348 012:419  -- CPU_ReadMem(24 bytes @ 0x200158B0)JLINK_RTTERMINAL_Read(BufferIndex = 0, BufferSize = 0x00000400)  returns 0 (0000ms, 0924ms total)
T1348 012:615  -- CPU_ReadMem(24 bytes @ 0x200158B0) -- CPU_ReadMem(24 bytes @ 0x200158B0) -- CPU_ReadMem(24 bytes @ 0x200158B0) -- CPU_ReadMem(24 bytes @ 0x200158B0)JLINK_RTTERMINAL_Read(BufferIndex = 0, BufferSize = 0x00000400)  returns 89 (0000ms, 0924ms total)
T2174 012:822 JLINK_RTTERMINAL_Read(BufferIndex = 0, BufferSize = 0x00000400)  returns 0 (0000ms, 0924ms total)
T2174 012:933 JLINK_RTTERMINAL_Read(BufferIndex = 0, BufferSize = 0x00000400)  returns 40 (0000ms, 0924ms total)
T2174 013:044 JLINK_RTTERMINAL_Read(BufferIndex = 0, BufferSize = 0x00000400)  returns 0 (0000ms, 0924ms total)
T2174 013:155 JLINK_RTTERMINAL_Read(BufferIndex = 0, BufferSize = 0x00000400)  returns 0 (0000ms, 0924ms total)
T2174 013:268 JLINK_RTTERMINAL_Read(BufferIndex = 0, BufferSize = 0x00000400)  returns 40 (0000ms, 0924ms total)
T2174 013:379 JLINK_RTTERMINAL_Read(BufferIndex = 0, BufferSize = 0x00000400)  returns 0 (0000ms, 0924ms total)
T2174 013:489 JLINK_RTTERMINAL_Read(BufferIndex = 0, BufferSize = 0x00000400)  returns 40 (0000ms, 0924ms total)
T2174 013:599 JLINK_RTTERMINAL_Read(BufferIndex = 0, BufferSize = 0x00000400)  returns 0 (0000ms, 0924ms total)
T2174 013:708 JLINK_RTTERMINAL_Read(BufferIndex = 0, BufferSize = 0x00000400)  returns 40 (0000ms, 0924ms total)
T2174 013:817 JLINK_RTTERMINAL_Read(BufferIndex = 0, BufferSize = 0x00000400)  returns 0 (0000ms, 0924ms total)
T2174 013:927 JLINK_RTTERMINAL_Read(BufferIndex = 0, BufferSize = 0x00000400)  returns 0 (0000ms, 0924ms total)
T2174 014:039 JLINK_RTTERMINAL_Read(BufferIndex = 0, BufferSize = 0x00000400)  returns 40 (0000ms, 0924ms total)
T2174 014:148 JLINK_RTTERMINAL_Read(BufferIndex = 0, BufferSize = 0x00000400)  returns 0 (0000ms, 0924ms total)
T2174 014:259 JLINK_RTTERMINAL_Read(BufferIndex = 0, BufferSize = 0x00000400)  returns 40 (0000ms, 0924ms total)
T2174 014:369 JLINK_RTTERMINAL_Read(BufferIndex = 0, BufferSize = 0x00000400)  returns 0 (0000ms, 0924ms total)
T2174 014:481 JLINK_RTTERMINAL_Read(BufferIndex = 0, BufferSize = 0x00000400)  returns 40 (0000ms, 0924ms total)
T2174 014:589 JLINK_RTTERMINAL_Read(BufferIndex = 0, BufferSize = 0x00000400)  returns 0 (0000ms, 0924ms total)
T2174 014:698 JLINK_RTTERMINAL_Read(BufferIndex = 0, BufferSize = 0x00000400)  returns 0 (0000ms, 0924ms total)
T2174 014:807 JLINK_RTTERMINAL_Read(BufferIndex = 0, BufferSize = 0x00000400)  returns 40 (0000ms, 0924ms total)
T2174 014:916 JLINK_RTTERMINAL_Read(BufferIndex = 0, BufferSize = 0x00000400)  returns 0 (0000ms, 0924ms total)
T2174 015:027 JLINK_RTTERMINAL_Read(BufferIndex = 0, BufferSize = 0x00000400)  returns 40 (0000ms, 0924ms total)
T2174 015:136 JLINK_RTTERMINAL_Read(BufferIndex = 0, BufferSize = 0x00000400)  returns 0 (0000ms, 0924ms total)
T2174 015:246 JLINK_RTTERMINAL_Read(BufferIndex = 0, BufferSize = 0x00000400)  returns 40 (0000ms, 0924ms total)
T2174 015:356 JLINK_RTTERMINAL_Read(BufferIndex = 0, BufferSize = 0x00000400)  returns 0 (0000ms, 0924ms total)
T2174 015:469 JLINK_RTTERMINAL_Read(BufferIndex = 0, BufferSize = 0x00000400)  returns 0 (0000ms, 0924ms total)
T2174 015:578 JLINK_RTTERMINAL_Read(BufferIndex = 0, BufferSize = 0x00000400)  returns 41 (0000ms, 0924ms total)
T2174 015:686 JLINK_RTTERMINAL_Read(BufferIndex = 0, BufferSize = 0x00000400)  returns 0 (0000ms, 0924ms total)
T2174 015:797 JLINK_RTTERMINAL_Read(BufferIndex = 0, BufferSize = 0x00000400)  returns 41 (0000ms, 0924ms total)
T2174 015:907 JLINK_RTTERMINAL_Read(BufferIndex = 0, BufferSize = 0x00000400)  returns 0 (0000ms, 0924ms total)
T2174 016:016 JLINK_RTTERMINAL_Read(BufferIndex = 0, BufferSize = 0x00000400)  returns 41 (0000ms, 0924ms total)
T2174 016:126 JLINK_RTTERMINAL_Read(BufferIndex = 0, BufferSize = 0x00000400)  returns 0 (0000ms, 0924ms total)
T2174 016:235 JLINK_RTTERMINAL_Read(BufferIndex = 0, BufferSize = 0x00000400)  returns 0 (0000ms, 0924ms total)
T2174 016:344 JLINK_RTTERMINAL_Read(BufferIndex = 0, BufferSize = 0x00000400)  returns 41 (0000ms, 0924ms total)
T2174 016:455 JLINK_RTTERMINAL_Read(BufferIndex = 0, BufferSize = 0x00000400)  returns 0 (0000ms, 0924ms total)
T2174 016:565 JLINK_RTTERMINAL_Read(BufferIndex = 0, BufferSize = 0x00000400)  returns 41 (0000ms, 0924ms total)
T2174 016:676 JLINK_RTTERMINAL_Read(BufferIndex = 0, BufferSize = 0x00000400)  returns 0 (0000ms, 0924ms total)
T2174 016:786 JLINK_RTTERMINAL_Read(BufferIndex = 0, BufferSize = 0x00000400)  returns 41 (0000ms, 0924ms total)
T2174 016:896 JLINK_RTTERMINAL_Read(BufferIndex = 0, BufferSize = 0x00000400)  returns 0 (0000ms, 0924ms total)
T2174 017:005 JLINK_RTTERMINAL_Read(BufferIndex = 0, BufferSize = 0x00000400)  returns 0 (0000ms, 0924ms total)
T2174 017:115 JLINK_RTTERMINAL_Read(BufferIndex = 0, BufferSize = 0x00000400)  returns 41 (0000ms, 0924ms total)
T2174 017:223 JLINK_RTTERMINAL_Read(BufferIndex = 0, BufferSize = 0x00000400)  returns 0 (0000ms, 0924ms total)
T2174 017:334 JLINK_RTTERMINAL_Read(BufferIndex = 0, BufferSize = 0x00000400)  returns 41 (0000ms, 0924ms total)
T2174 017:443 JLINK_RTTERMINAL_Read(BufferIndex = 0, BufferSize = 0x00000400)  returns 0 (0000ms, 0924ms total)
T2174 017:551 JLINK_RTTERMINAL_Read(BufferIndex = 0, BufferSize = 0x00000400)  returns 0 (0000ms, 0924ms total)
T2174 017:661 JLINK_RTTERMINAL_Read(BufferIndex = 0, BufferSize = 0x00000400)  returns 41 (0000ms, 0924ms total)
T2174 017:770 JLINK_RTTERMINAL_Read(BufferIndex = 0, BufferSize = 0x00000400)  returns 0 (0000ms, 0924ms total)
T2174 017:883 JLINK_RTTERMINAL_Read(BufferIndex = 0, BufferSize = 0x00000400)  returns 41 (0000ms, 0924ms total)
T2174 017:991 JLINK_RTTERMINAL_Read(BufferIndex = 0, BufferSize = 0x00000400)  returns 0 (0000ms, 0924ms total)
T2174 018:100 JLINK_RTTERMINAL_Read(BufferIndex = 0, BufferSize = 0x00000400)  returns 41 (0000ms, 0924ms total)
T2174 018:209 JLINK_RTTERMINAL_Read(BufferIndex = 0, BufferSize = 0x00000400)  returns 0 (0000ms, 0924ms total)
T2174 018:320 JLINK_RTTERMINAL_Read(BufferIndex = 0, BufferSize = 0x00000400)  returns 0 (0000ms, 0924ms total)
T2174 018:416 JLINK_RTTERMINAL_Read(BufferIndex = 0, BufferSize = 0x00000400)  returns 41 (0000ms, 0924ms total)
T2174 018:527 JLINK_RTTERMINAL_Read(BufferIndex = 0, BufferSize = 0x00000400)  returns 0 (0000ms, 0924ms total)
T2174 018:637 JLINK_RTTERMINAL_Read(BufferIndex = 0, BufferSize = 0x00000400)  returns 41 (0000ms, 0924ms total)
T2174 018:747 JLINK_RTTERMINAL_Read(BufferIndex = 0, BufferSize = 0x00000400)  returns 0 (0000ms, 0924ms total)
T2174 018:857 JLINK_RTTERMINAL_Read(BufferIndex = 0, BufferSize = 0x00000400)  returns 41 (0000ms, 0924ms total)
T2174 018:968 JLINK_RTTERMINAL_Read(BufferIndex = 0, BufferSize = 0x00000400)  returns 0 (0000ms, 0924ms total)
T2174 019:077 JLINK_RTTERMINAL_Read(BufferIndex = 0, BufferSize = 0x00000400)  returns 0 (0000ms, 0924ms total)
T2174 019:188 JLINK_RTTERMINAL_Read(BufferIndex = 0, BufferSize = 0x00000400)  returns 41 (0000ms, 0924ms total)
T2174 019:297 JLINK_RTTERMINAL_Read(BufferIndex = 0, BufferSize = 0x00000400)  returns 0 (0000ms, 0924ms total)
T2174 019:407 JLINK_RTTERMINAL_Read(BufferIndex = 0, BufferSize = 0x00000400)  returns 41 (0000ms, 0924ms total)
T2174 019:516 JLINK_RTTERMINAL_Read(BufferIndex = 0, BufferSize = 0x00000400)  returns 0 (0000ms, 0924ms total)
T2174 019:625 JLINK_RTTERMINAL_Read(BufferIndex = 0, BufferSize = 0x00000400)  returns 0 (0000ms, 0924ms total)
T2174 019:735 JLINK_RTTERMINAL_Read(BufferIndex = 0, BufferSize = 0x00000400)  returns 41 (0000ms, 0924ms total)
T2174 019:845 JLINK_RTTERMINAL_Read(BufferIndex = 0, BufferSize = 0x00000400)  returns 0 (0000ms, 0924ms total)
T2174 019:957 JLINK_RTTERMINAL_Read(BufferIndex = 0, BufferSize = 0x00000400)  returns 41 (0000ms, 0924ms total)
T2174 020:066 JLINK_RTTERMINAL_Read(BufferIndex = 0, BufferSize = 0x00000400)  returns 0 (0000ms, 0924ms total)
T2174 020:174 JLINK_RTTERMINAL_Read(BufferIndex = 0, BufferSize = 0x00000400)  returns 41 (0000ms, 0924ms total)
T2174 020:286 JLINK_RTTERMINAL_Read(BufferIndex = 0, BufferSize = 0x00000400)  returns 0 (0000ms, 0924ms total)
T2174 020:397 JLINK_RTTERMINAL_Read(BufferIndex = 0, BufferSize = 0x00000400)  returns 0 (0000ms, 0924ms total)
T2174 020:509 JLINK_RTTERMINAL_Read(BufferIndex = 0, BufferSize = 0x00000400)  returns 41 (0000ms, 0924ms total)
T2174 020:618 JLINK_RTTERMINAL_Read(BufferIndex = 0, BufferSize = 0x00000400)  returns 0 (0000ms, 0924ms total)
T2174 020:727 JLINK_RTTERMINAL_Read(BufferIndex = 0, BufferSize = 0x00000400)  returns 41 (0000ms, 0924ms total)
T2174 020:837 JLINK_RTTERMINAL_Read(BufferIndex = 0, BufferSize = 0x00000400)  returns 0 (0000ms, 0924ms total)
T2174 020:947 JLINK_RTTERMINAL_Read(BufferIndex = 0, BufferSize = 0x00000400)  returns 258 (0000ms, 0924ms total)
T2174 021:056 JLINK_RTTERMINAL_Read(BufferIndex = 0, BufferSize = 0x00000400)  returns 0 (0000ms, 0924ms total)
T2174 021:181 JLINK_RTTERMINAL_Read(BufferIndex = 0, BufferSize = 0x00000400)  returns 0 (0000ms, 0924ms total)
T2174 021:275 JLINK_RTTERMINAL_Read(BufferIndex = 0, BufferSize = 0x00000400)  returns 0 (0000ms, 0924ms total)
T2174 021:385 JLINK_RTTERMINAL_Read(BufferIndex = 0, BufferSize = 0x00000400)  returns 0 (0000ms, 0924ms total)
T2174 021:495 JLINK_RTTERMINAL_Read(BufferIndex = 0, BufferSize = 0x00000400)  returns 0 (0000ms, 0924ms total)
T2174 021:605 JLINK_RTTERMINAL_Read(BufferIndex = 0, BufferSize = 0x00000400)  returns 0 (0000ms, 0924ms total)
T2174 021:716 JLINK_RTTERMINAL_Read(BufferIndex = 0, BufferSize = 0x00000400)  returns 0 (0000ms, 0924ms total)
T2174 021:825 JLINK_RTTERMINAL_Read(BufferIndex = 0, BufferSize = 0x00000400)  returns 0 (0000ms, 0924ms total)
T2174 021:933 JLINK_RTTERMINAL_Read(BufferIndex = 0, BufferSize = 0x00000400)  returns 0 (0000ms, 0924ms total)
T2174 022:043 JLINK_RTTERMINAL_Read(BufferIndex = 0, BufferSize = 0x00000400)  returns 37 (0000ms, 0924ms total)
T2174 022:155 JLINK_RTTERMINAL_Read(BufferIndex = 0, BufferSize = 0x00000400)  returns 0 (0000ms, 0924ms total)
T2174 022:265 JLINK_RTTERMINAL_Read(BufferIndex = 0, BufferSize = 0x00000400)  returns 0 (0000ms, 0924ms total)
T2174 022:376 JLINK_RTTERMINAL_Read(BufferIndex = 0, BufferSize = 0x00000400)  returns 0 (0000ms, 0924ms total)
T2174 022:485 JLINK_RTTERMINAL_Read(BufferIndex = 0, BufferSize = 0x00000400)  returns 0 (0000ms, 0924ms total)
T2174 022:596 JLINK_RTTERMINAL_Read(BufferIndex = 0, BufferSize = 0x00000400)  returns 0 (0000ms, 0924ms total)
T2174 022:707 JLINK_RTTERMINAL_Read(BufferIndex = 0, BufferSize = 0x00000400)  returns 0 (0000ms, 0924ms total)
T2174 022:817 JLINK_RTTERMINAL_Read(BufferIndex = 0, BufferSize = 0x00000400)  returns 56 (0000ms, 0924ms total)
T2174 022:926 JLINK_RTTERMINAL_Read(BufferIndex = 0, BufferSize = 0x00000400)  returns 0 (0000ms, 0924ms total)
T2174 023:037 JLINK_RTTERMINAL_Read(BufferIndex = 0, BufferSize = 0x00000400)  returns 37 (0000ms, 0924ms total)
T2174 023:146 JLINK_RTTERMINAL_Read(BufferIndex = 0, BufferSize = 0x00000400)  returns 0 (0000ms, 0924ms total)
T2174 023:255 JLINK_RTTERMINAL_Read(BufferIndex = 0, BufferSize = 0x00000400)  returns 0 (0000ms, 0924ms total)
T2174 023:367 JLINK_RTTERMINAL_Read(BufferIndex = 0, BufferSize = 0x00000400)  returns 0 (0000ms, 0924ms total)
T2174 023:477 JLINK_RTTERMINAL_Read(BufferIndex = 0, BufferSize = 0x00000400)  returns 0 (0000ms, 0924ms total)
T2174 023:572 JLINK_RTTERMINAL_Read(BufferIndex = 0, BufferSize = 0x00000400)  returns 0 (0000ms, 0924ms total)
T2174 023:696 JLINK_RTTERMINAL_Read(BufferIndex = 0, BufferSize = 0x00000400)  returns 0 (0000ms, 0924ms total)
T2174 023:792 JLINK_RTTERMINAL_Read(BufferIndex = 0, BufferSize = 0x00000400)  returns 0 (0000ms, 0924ms total)
T2174 023:900 JLINK_RTTERMINAL_Read(BufferIndex = 0, BufferSize = 0x00000400)  returns 0 (0000ms, 0924ms total)
T2174 024:010 JLINK_RTTERMINAL_Read(BufferIndex = 0, BufferSize = 0x00000400)  returns 37 (0000ms, 0924ms total)
T2174 024:135 JLINK_RTTERMINAL_Read(BufferIndex = 0, BufferSize = 0x00000400)  returns 0 (0000ms, 0924ms total)
T2174 024:245 JLINK_RTTERMINAL_Read(BufferIndex = 0, BufferSize = 0x00000400)  returns 0 (0000ms, 0924ms total)
T2174 024:357 JLINK_RTTERMINAL_Read(BufferIndex = 0, BufferSize = 0x00000400)  returns 0 (0000ms, 0924ms total)
T2174 024:467 JLINK_RTTERMINAL_Read(BufferIndex = 0, BufferSize = 0x00000400)  returns 0 (0000ms, 0924ms total)
T2174 024:577 JLINK_RTTERMINAL_Read(BufferIndex = 0, BufferSize = 0x00000400)  returns 0 (0000ms, 0924ms total)
T2174 024:686 JLINK_RTTERMINAL_Read(BufferIndex = 0, BufferSize = 0x00000400)  returns 0 (0000ms, 0924ms total)
T2174 024:798 JLINK_RTTERMINAL_Read(BufferIndex = 0, BufferSize = 0x00000400)  returns 0 (0000ms, 0924ms total)
T2174 024:908 JLINK_RTTERMINAL_Read(BufferIndex = 0, BufferSize = 0x00000400)  returns 0 (0000ms, 0924ms total)
T2174 025:019 JLINK_RTTERMINAL_Read(BufferIndex = 0, BufferSize = 0x00000400)  returns 0 (0000ms, 0924ms total)
T2174 025:130 JLINK_RTTERMINAL_Read(BufferIndex = 0, BufferSize = 0x00000400)  returns 37 (0000ms, 0924ms total)
T2174 025:240 JLINK_RTTERMINAL_Read(BufferIndex = 0, BufferSize = 0x00000400)  returns 0 (0000ms, 0924ms total)
T2174 025:349 JLINK_RTTERMINAL_Read(BufferIndex = 0, BufferSize = 0x00000400)  returns 0 (0000ms, 0924ms total)
T2174 025:459 JLINK_RTTERMINAL_Read(BufferIndex = 0, BufferSize = 0x00000400)  returns 0 (0000ms, 0924ms total)
T2174 025:570 JLINK_RTTERMINAL_Read(BufferIndex = 0, BufferSize = 0x00000400)  returns 0 (0000ms, 0924ms total)
T2174 025:666 JLINK_RTTERMINAL_Read(BufferIndex = 0, BufferSize = 0x00000400)  returns 0 (0000ms, 0924ms total)
T2174 025:776 JLINK_RTTERMINAL_Read(BufferIndex = 0, BufferSize = 0x00000400)  returns 0 (0000ms, 0924ms total)
T2174 025:884 JLINK_RTTERMINAL_Read(BufferIndex = 0, BufferSize = 0x00000400)  returns 0 (0000ms, 0924ms total)
T2174 025:995 JLINK_RTTERMINAL_Read(BufferIndex = 0, BufferSize = 0x00000400)  returns 0 (0000ms, 0924ms total)
T2174 026:105 JLINK_RTTERMINAL_Read(BufferIndex = 0, BufferSize = 0x00000400)  returns 37 (0000ms, 0924ms total)
T2174 026:214 JLINK_RTTERMINAL_Read(BufferIndex = 0, BufferSize = 0x00000400)  returns 0 (0000ms, 0924ms total)
T2174 026:324 JLINK_RTTERMINAL_Read(BufferIndex = 0, BufferSize = 0x00000400)  returns 0 (0000ms, 0924ms total)
T2174 026:434 JLINK_RTTERMINAL_Read(BufferIndex = 0, BufferSize = 0x00000400)  returns 0 (0000ms, 0924ms total)
T2174 026:545 JLINK_RTTERMINAL_Read(BufferIndex = 0, BufferSize = 0x00000400)  returns 0 (0000ms, 0924ms total)
T2174 026:656 JLINK_RTTERMINAL_Read(BufferIndex = 0, BufferSize = 0x00000400)  returns 0 (0000ms, 0924ms total)
T2174 026:768 JLINK_RTTERMINAL_Read(BufferIndex = 0, BufferSize = 0x00000400)  returns 0 (0000ms, 0924ms total)
T2174 026:880 JLINK_RTTERMINAL_Read(BufferIndex = 0, BufferSize = 0x00000400)  returns 0 (0000ms, 0924ms total)
T2174 026:990 JLINK_RTTERMINAL_Read(BufferIndex = 0, BufferSize = 0x00000400)  returns 0 (0000ms, 0924ms total)
T2174 027:101 JLINK_RTTERMINAL_Read(BufferIndex = 0, BufferSize = 0x00000400)  returns 0 (0000ms, 0924ms total)
T2174 027:211 JLINK_RTTERMINAL_Read(BufferIndex = 0, BufferSize = 0x00000400)  returns 37 (0000ms, 0924ms total)
T2174 027:320 JLINK_RTTERMINAL_Read(BufferIndex = 0, BufferSize = 0x00000400)  returns 0 (0000ms, 0924ms total)
T2174 027:430 JLINK_RTTERMINAL_Read(BufferIndex = 0, BufferSize = 0x00000400)  returns 0 (0000ms, 0924ms total)
T2174 027:525 JLINK_RTTERMINAL_Read(BufferIndex = 0, BufferSize = 0x00000400)  returns 0 (0000ms, 0924ms total)
T2174 027:634 JLINK_RTTERMINAL_Read(BufferIndex = 0, BufferSize = 0x00000400)  returns 0 (0000ms, 0924ms total)
T2174 027:758 JLINK_RTTERMINAL_Read(BufferIndex = 0, BufferSize = 0x00000400)  returns 0 (0000ms, 0924ms total)
T2174 027:885 JLINK_RTTERMINAL_Read(BufferIndex = 0, BufferSize = 0x00000400)  returns 0 (0000ms, 0924ms total)
T2174 027:976 JLINK_RTTERMINAL_Read(BufferIndex = 0, BufferSize = 0x00000400)  returns 0 (0000ms, 0924ms total)
T2174 028:086 JLINK_RTTERMINAL_Read(BufferIndex = 0, BufferSize = 0x00000400)  returns 0 (0000ms, 0924ms total)
T2174 028:195 JLINK_RTTERMINAL_Read(BufferIndex = 0, BufferSize = 0x00000400)  returns 37 (0000ms, 0924ms total)
T2174 028:303 JLINK_RTTERMINAL_Read(BufferIndex = 0, BufferSize = 0x00000400)  returns 0 (0000ms, 0924ms total)
T2174 028:413 JLINK_RTTERMINAL_Read(BufferIndex = 0, BufferSize = 0x00000400)  returns 0 (0000ms, 0924ms total)
T2174 028:523 JLINK_RTTERMINAL_Read(BufferIndex = 0, BufferSize = 0x00000400)  returns 0 (0000ms, 0924ms total)
T2174 028:632 JLINK_RTTERMINAL_Read(BufferIndex = 0, BufferSize = 0x00000400)  returns 0 (0000ms, 0924ms total)
T2174 028:741 JLINK_RTTERMINAL_Read(BufferIndex = 0, BufferSize = 0x00000400)  returns 0 (0000ms, 0924ms total)
T2174 028:852 JLINK_RTTERMINAL_Read(BufferIndex = 0, BufferSize = 0x00000400)  returns 0 (0000ms, 0924ms total)
T2174 028:961 JLINK_RTTERMINAL_Read(BufferIndex = 0, BufferSize = 0x00000400)  returns 0 (0000ms, 0924ms total)
T2174 029:057 JLINK_RTTERMINAL_Read(BufferIndex = 0, BufferSize = 0x00000400)  returns 0 (0000ms, 0924ms total)
T2174 029:166 JLINK_RTTERMINAL_Read(BufferIndex = 0, BufferSize = 0x00000400)  returns 37 (0000ms, 0924ms total)
T2174 029:278 JLINK_RTTERMINAL_Read(BufferIndex = 0, BufferSize = 0x00000400)  returns 0 (0000ms, 0924ms total)
T2174 029:387 JLINK_RTTERMINAL_Read(BufferIndex = 0, BufferSize = 0x00000400)  returns 0 (0000ms, 0924ms total)
T2174 029:498 JLINK_RTTERMINAL_Read(BufferIndex = 0, BufferSize = 0x00000400)  returns 0 (0000ms, 0924ms total)
T2174 029:608 JLINK_RTTERMINAL_Read(BufferIndex = 0, BufferSize = 0x00000400)  returns 0 (0000ms, 0924ms total)
T2174 029:718 JLINK_RTTERMINAL_Read(BufferIndex = 0, BufferSize = 0x00000400)  returns 0 (0000ms, 0924ms total)
T2174 029:828 JLINK_RTTERMINAL_Read(BufferIndex = 0, BufferSize = 0x00000400)  returns 0 (0000ms, 0924ms total)
T2174 029:937 JLINK_RTTERMINAL_Read(BufferIndex = 0, BufferSize = 0x00000400)  returns 0 (0000ms, 0924ms total)
T2174 030:047 JLINK_RTTERMINAL_Read(BufferIndex = 0, BufferSize = 0x00000400)  returns 0 (0000ms, 0924ms total)
T2174 030:157 JLINK_RTTERMINAL_Read(BufferIndex = 0, BufferSize = 0x00000400)  returns 0 (0000ms, 0924ms total)
T2174 030:267 JLINK_RTTERMINAL_Read(BufferIndex = 0, BufferSize = 0x00000400)  returns 80 (0000ms, 0924ms total)
T2174 030:377 JLINK_RTTERMINAL_Read(BufferIndex = 0, BufferSize = 0x00000400)  returns 0 (0000ms, 0924ms total)
T2174 030:487 JLINK_RTTERMINAL_Read(BufferIndex = 0, BufferSize = 0x00000400)  returns 0 (0000ms, 0924ms total)
T2174 030:595 JLINK_RTTERMINAL_Read(BufferIndex = 0, BufferSize = 0x00000400)  returns 0 (0000ms, 0924ms total)
T2174 030:704 JLINK_RTTERMINAL_Read(BufferIndex = 0, BufferSize = 0x00000400)  returns 0 (0000ms, 0924ms total)
T2174 030:815 JLINK_RTTERMINAL_Read(BufferIndex = 0, BufferSize = 0x00000400)  returns 0 (0000ms, 0924ms total)
T2174 030:925 JLINK_RTTERMINAL_Read(BufferIndex = 0, BufferSize = 0x00000400)  returns 0 (0000ms, 0924ms total)
T2174 031:036 JLINK_RTTERMINAL_Read(BufferIndex = 0, BufferSize = 0x00000400)  returns 0 (0000ms, 0924ms total)
T2174 031:146 JLINK_RTTERMINAL_Read(BufferIndex = 0, BufferSize = 0x00000400)  returns 0 (0000ms, 0924ms total)
T2174 031:257 JLINK_RTTERMINAL_Read(BufferIndex = 0, BufferSize = 0x00000400)  returns 37 (0000ms, 0924ms total)
T2174 031:367 JLINK_RTTERMINAL_Read(BufferIndex = 0, BufferSize = 0x00000400)  returns 0 (0000ms, 0924ms total)
T2174 031:477 JLINK_RTTERMINAL_Read(BufferIndex = 0, BufferSize = 0x00000400)  returns 0 (0000ms, 0924ms total)
T2174 031:572 JLINK_RTTERMINAL_Read(BufferIndex = 0, BufferSize = 0x00000400)  returns 0 (0000ms, 0924ms total)
T2174 031:681 JLINK_RTTERMINAL_Read(BufferIndex = 0, BufferSize = 0x00000400)  returns 0 (0000ms, 0924ms total)
T2174 031:791 JLINK_RTTERMINAL_Read(BufferIndex = 0, BufferSize = 0x00000400)  returns 0 (0000ms, 0924ms total)
T2174 031:901 JLINK_RTTERMINAL_Read(BufferIndex = 0, BufferSize = 0x00000400)  returns 0 (0000ms, 0924ms total)
T2174 032:011 JLINK_RTTERMINAL_Read(BufferIndex = 0, BufferSize = 0x00000400)  returns 0 (0000ms, 0924ms total)
T2174 032:122 JLINK_RTTERMINAL_Read(BufferIndex = 0, BufferSize = 0x00000400)  returns 0 (0000ms, 0924ms total)
T2174 032:232 JLINK_RTTERMINAL_Read(BufferIndex = 0, BufferSize = 0x00000400)  returns 0 (0000ms, 0924ms total)
T2174 032:343 JLINK_RTTERMINAL_Read(BufferIndex = 0, BufferSize = 0x00000400)  returns 37 (0000ms, 0924ms total)
T2174 032:453 JLINK_RTTERMINAL_Read(BufferIndex = 0, BufferSize = 0x00000400)  returns 0 (0000ms, 0924ms total)
T2174 032:565 JLINK_RTTERMINAL_Read(BufferIndex = 0, BufferSize = 0x00000400)  returns 0 (0000ms, 0924ms total)
T2174 032:675 JLINK_RTTERMINAL_Read(BufferIndex = 0, BufferSize = 0x00000400)  returns 0 (0000ms, 0924ms total)
T2174 032:784 JLINK_RTTERMINAL_Read(BufferIndex = 0, BufferSize = 0x00000400)  returns 0 (0000ms, 0924ms total)
T2174 032:894 JLINK_RTTERMINAL_Read(BufferIndex = 0, BufferSize = 0x00000400)  returns 56 (0000ms, 0924ms total)
T2174 033:002 JLINK_RTTERMINAL_Read(BufferIndex = 0, BufferSize = 0x00000400)  returns 0 (0000ms, 0924ms total)
T2174 033:113 JLINK_RTTERMINAL_Read(BufferIndex = 0, BufferSize = 0x00000400)  returns 0 (0000ms, 0924ms total)
T2174 033:224 JLINK_RTTERMINAL_Read(BufferIndex = 0, BufferSize = 0x00000400)  returns 0 (0000ms, 0924ms total)
T2174 033:336 JLINK_RTTERMINAL_Read(BufferIndex = 0, BufferSize = 0x00000400)  returns 37 (0000ms, 0924ms total)
T2174 033:432 JLINK_RTTERMINAL_Read(BufferIndex = 0, BufferSize = 0x00000400)  returns 0 (0000ms, 0924ms total)
T2174 033:541 JLINK_RTTERMINAL_Read(BufferIndex = 0, BufferSize = 0x00000400)  returns 0 (0000ms, 0924ms total)
T2174 033:650 JLINK_RTTERMINAL_Read(BufferIndex = 0, BufferSize = 0x00000400)  returns 0 (0000ms, 0924ms total)
T2174 033:762 JLINK_RTTERMINAL_Read(BufferIndex = 0, BufferSize = 0x00000400)  returns 0 (0000ms, 0924ms total)
T2174 033:870 JLINK_RTTERMINAL_Read(BufferIndex = 0, BufferSize = 0x00000400)  returns 0 (0000ms, 0924ms total)
T2174 033:981 JLINK_RTTERMINAL_Read(BufferIndex = 0, BufferSize = 0x00000400)  returns 0 (0000ms, 0924ms total)
T2174 034:091 JLINK_RTTERMINAL_Read(BufferIndex = 0, BufferSize = 0x00000400)  returns 0 (0000ms, 0924ms total)
T2174 034:201 JLINK_RTTERMINAL_Read(BufferIndex = 0, BufferSize = 0x00000400)  returns 0 (0000ms, 0924ms total)
T2174 034:312 JLINK_RTTERMINAL_Read(BufferIndex = 0, BufferSize = 0x00000400)  returns 0 (0000ms, 0924ms total)
T2174 034:424 JLINK_RTTERMINAL_Read(BufferIndex = 0, BufferSize = 0x00000400)  returns 37 (0000ms, 0924ms total)
T2174 034:535 JLINK_RTTERMINAL_Read(BufferIndex = 0, BufferSize = 0x00000400)  returns 0 (0000ms, 0924ms total)
T2174 034:648 JLINK_RTTERMINAL_Read(BufferIndex = 0, BufferSize = 0x00000400)  returns 0 (0000ms, 0924ms total)
T2174 034:758 JLINK_RTTERMINAL_Read(BufferIndex = 0, BufferSize = 0x00000400)  returns 0 (0000ms, 0924ms total)
T2174 034:853 JLINK_RTTERMINAL_Read(BufferIndex = 0, BufferSize = 0x00000400)  returns 0 (0000ms, 0924ms total)
T2174 034:962 JLINK_RTTERMINAL_Read(BufferIndex = 0, BufferSize = 0x00000400)  returns 0 (0000ms, 0924ms total)
T2174 035:073 JLINK_RTTERMINAL_Read(BufferIndex = 0, BufferSize = 0x00000400)  returns 0 (0000ms, 0924ms total)
T2174 035:183 JLINK_RTTERMINAL_Read(BufferIndex = 0, BufferSize = 0x00000400)  returns 0 (0000ms, 0924ms total)
T2174 035:293 JLINK_RTTERMINAL_Read(BufferIndex = 0, BufferSize = 0x00000400)  returns 0 (0008ms, 0932ms total)
T2174 035:402 JLINK_RTTERMINAL_Read(BufferIndex = 0, BufferSize = 0x00000400)  returns 37 (0000ms, 0932ms total)
T2174 035:511 JLINK_RTTERMINAL_Read(BufferIndex = 0, BufferSize = 0x00000400)  returns 0 (0000ms, 0932ms total)
T2174 035:621 JLINK_RTTERMINAL_Read(BufferIndex = 0, BufferSize = 0x00000400)  returns 0 (0000ms, 0932ms total)
T2174 035:730 JLINK_RTTERMINAL_Read(BufferIndex = 0, BufferSize = 0x00000400)  returns 0 (0000ms, 0932ms total)
T2174 035:841 JLINK_RTTERMINAL_Read(BufferIndex = 0, BufferSize = 0x00000400)  returns 0 (0000ms, 0932ms total)
T2174 035:951 JLINK_RTTERMINAL_Read(BufferIndex = 0, BufferSize = 0x00000400)  returns 0 (0000ms, 0932ms total)
T2174 036:062 JLINK_RTTERMINAL_Read(BufferIndex = 0, BufferSize = 0x00000400)  returns 0 (0000ms, 0932ms total)
T2174 036:171 JLINK_RTTERMINAL_Read(BufferIndex = 0, BufferSize = 0x00000400)  returns 0 (0000ms, 0932ms total)
T2174 036:280 JLINK_RTTERMINAL_Read(BufferIndex = 0, BufferSize = 0x00000400)  returns 0 (0000ms, 0932ms total)
T2174 036:389 JLINK_RTTERMINAL_Read(BufferIndex = 0, BufferSize = 0x00000400)  returns 37 (0000ms, 0932ms total)
T2174 036:498 JLINK_RTTERMINAL_Read(BufferIndex = 0, BufferSize = 0x00000400)  returns 0 (0000ms, 0932ms total)
T2174 036:609 JLINK_RTTERMINAL_Read(BufferIndex = 0, BufferSize = 0x00000400)  returns 0 (0000ms, 0932ms total)
T2174 036:720 JLINK_RTTERMINAL_Read(BufferIndex = 0, BufferSize = 0x00000400)  returns 0 (0000ms, 0932ms total)
T2174 036:831 JLINK_RTTERMINAL_Read(BufferIndex = 0, BufferSize = 0x00000400)  returns 0 (0000ms, 0932ms total)
T2174 036:943 JLINK_RTTERMINAL_Read(BufferIndex = 0, BufferSize = 0x00000400)  returns 0 (0000ms, 0932ms total)
T2174 037:052 JLINK_RTTERMINAL_Read(BufferIndex = 0, BufferSize = 0x00000400)  returns 0 (0000ms, 0932ms total)
T2174 037:161 JLINK_RTTERMINAL_Read(BufferIndex = 0, BufferSize = 0x00000400)  returns 0 (0000ms, 0932ms total)
T2174 037:271 JLINK_RTTERMINAL_Read(BufferIndex = 0, BufferSize = 0x00000400)  returns 0 (0000ms, 0932ms total)
T2174 037:382 JLINK_RTTERMINAL_Read(BufferIndex = 0, BufferSize = 0x00000400)  returns 0 (0000ms, 0932ms total)
T2174 037:492 JLINK_RTTERMINAL_Read(BufferIndex = 0, BufferSize = 0x00000400)  returns 37 (0000ms, 0932ms total)
T2174 037:602 JLINK_RTTERMINAL_Read(BufferIndex = 0, BufferSize = 0x00000400)  returns 0 (0000ms, 0932ms total)
T2174 037:712 JLINK_RTTERMINAL_Read(BufferIndex = 0, BufferSize = 0x00000400)  returns 0 (0000ms, 0932ms total)
T2174 037:821 JLINK_RTTERMINAL_Read(BufferIndex = 0, BufferSize = 0x00000400)  returns 0 (0000ms, 0932ms total)
T2174 037:930 JLINK_RTTERMINAL_Read(BufferIndex = 0, BufferSize = 0x00000400)  returns 0 (0000ms, 0932ms total)
T2174 038:039 JLINK_RTTERMINAL_Read(BufferIndex = 0, BufferSize = 0x00000400)  returns 0 (0000ms, 0932ms total)
T2174 038:149 JLINK_RTTERMINAL_Read(BufferIndex = 0, BufferSize = 0x00000400)  returns 0 (0000ms, 0932ms total)
T2174 038:246 JLINK_RTTERMINAL_Read(BufferIndex = 0, BufferSize = 0x00000400)  returns 0 (0000ms, 0932ms total)
T2174 038:356 JLINK_RTTERMINAL_Read(BufferIndex = 0, BufferSize = 0x00000400)  returns 0 (0000ms, 0932ms total)
T2174 038:468 JLINK_RTTERMINAL_Read(BufferIndex = 0, BufferSize = 0x00000400)  returns 307 (0000ms, 0932ms total)
T2174 038:578 JLINK_RTTERMINAL_Read(BufferIndex = 0, BufferSize = 0x00000400)  returns 0 (0000ms, 0932ms total)
T2174 038:688 JLINK_RTTERMINAL_Read(BufferIndex = 0, BufferSize = 0x00000400)  returns 0 (0000ms, 0932ms total)
T2174 038:798 JLINK_RTTERMINAL_Read(BufferIndex = 0, BufferSize = 0x00000400)  returns 0 (0000ms, 0932ms total)
T2174 038:908 JLINK_RTTERMINAL_Read(BufferIndex = 0, BufferSize = 0x00000400)  returns 0 (0000ms, 0932ms total)
T2174 039:017 JLINK_RTTERMINAL_Read(BufferIndex = 0, BufferSize = 0x00000400)  returns 28 (0000ms, 0932ms total)
T2174 039:127 JLINK_RTTERMINAL_Read(BufferIndex = 0, BufferSize = 0x00000400)  returns 24 (0000ms, 0932ms total)
T2174 039:237 JLINK_RTTERMINAL_Read(BufferIndex = 0, BufferSize = 0x00000400)  returns 0 (0000ms, 0932ms total)
T2174 039:347 JLINK_RTTERMINAL_Read(BufferIndex = 0, BufferSize = 0x00000400)  returns 0 (0000ms, 0932ms total)
T2174 039:456 JLINK_RTTERMINAL_Read(BufferIndex = 0, BufferSize = 0x00000400)  returns 0 (0000ms, 0932ms total)
T2174 039:565 JLINK_RTTERMINAL_Read(BufferIndex = 0, BufferSize = 0x00000400)  returns 37 (0000ms, 0932ms total)
T2174 039:673 JLINK_RTTERMINAL_Read(BufferIndex = 0, BufferSize = 0x00000400)  returns 0 (0000ms, 0932ms total)
T2174 039:783 JLINK_RTTERMINAL_Read(BufferIndex = 0, BufferSize = 0x00000400)  returns 0 (0000ms, 0932ms total)
T2174 039:894 JLINK_RTTERMINAL_Read(BufferIndex = 0, BufferSize = 0x00000400)  returns 0 (0000ms, 0932ms total)
T2174 040:004 JLINK_RTTERMINAL_Read(BufferIndex = 0, BufferSize = 0x00000400)  returns 0 (0000ms, 0932ms total)
T2174 040:114 JLINK_RTTERMINAL_Read(BufferIndex = 0, BufferSize = 0x00000400)  returns 0 (0000ms, 0932ms total)
T2174 040:224 JLINK_RTTERMINAL_Read(BufferIndex = 0, BufferSize = 0x00000400)  returns 0 (0000ms, 0932ms total)
T2174 040:333 JLINK_RTTERMINAL_Read(BufferIndex = 0, BufferSize = 0x00000400)  returns 0 (0000ms, 0932ms total)
T2174 040:445 JLINK_RTTERMINAL_Read(BufferIndex = 0, BufferSize = 0x00000400)  returns 0 (0000ms, 0932ms total)
T2174 040:554 JLINK_RTTERMINAL_Read(BufferIndex = 0, BufferSize = 0x00000400)  returns 37 (0000ms, 0932ms total)
T2174 040:663 JLINK_RTTERMINAL_Read(BufferIndex = 0, BufferSize = 0x00000400)  returns 0 (0000ms, 0932ms total)
T2174 040:772 JLINK_RTTERMINAL_Read(BufferIndex = 0, BufferSize = 0x00000400)  returns 0 (0000ms, 0932ms total)
T2174 040:882 JLINK_RTTERMINAL_Read(BufferIndex = 0, BufferSize = 0x00000400)  returns 0 (0000ms, 0932ms total)
T2174 040:992 JLINK_RTTERMINAL_Read(BufferIndex = 0, BufferSize = 0x00000400)  returns 0 (0000ms, 0932ms total)
T2174 041:103 JLINK_RTTERMINAL_Read(BufferIndex = 0, BufferSize = 0x00000400)  returns 0 (0000ms, 0932ms total)
T2174 041:199 JLINK_RTTERMINAL_Read(BufferIndex = 0, BufferSize = 0x00000400)  returns 0 (0000ms, 0932ms total)
T2174 041:310 JLINK_RTTERMINAL_Read(BufferIndex = 0, BufferSize = 0x00000400)  returns 0 (0000ms, 0932ms total)
T2174 041:421 JLINK_RTTERMINAL_Read(BufferIndex = 0, BufferSize = 0x00000400)  returns 0 (0000ms, 0932ms total)
T2174 041:532 JLINK_RTTERMINAL_Read(BufferIndex = 0, BufferSize = 0x00000400)  returns 0 (0000ms, 0932ms total)
T2174 041:642 JLINK_RTTERMINAL_Read(BufferIndex = 0, BufferSize = 0x00000400)  returns 37 (0000ms, 0932ms total)
T2174 041:752 JLINK_RTTERMINAL_Read(BufferIndex = 0, BufferSize = 0x00000400)  returns 0 (0000ms, 0932ms total)
T2174 041:861 JLINK_RTTERMINAL_Read(BufferIndex = 0, BufferSize = 0x00000400)  returns 0 (0000ms, 0932ms total)
T2174 041:971 JLINK_RTTERMINAL_Read(BufferIndex = 0, BufferSize = 0x00000400)  returns 0 (0000ms, 0932ms total)
T2174 042:080 JLINK_RTTERMINAL_Read(BufferIndex = 0, BufferSize = 0x00000400)  returns 0 (0000ms, 0932ms total)
T2174 042:274 JLINK_Close() (0014ms, 0946ms total)
T2174 042:274  (0014ms, 0946ms total)
T2174 042:274 Closed (0014ms, 0946ms total)
