
T23C4 007:632 SEGGER J-Link V6.32 Log File (0000ms, 1900ms total)
T23C4 007:632 DLL Compiled: Apr 20 2018 17:25:02 (0000ms, 1900ms total)
T23C4 007:632 Logging started @ 2021-05-21 16:06 (0000ms, 1900ms total)
T23C4 008:424 JLINK_ResetNoHalt() >0x10B TIF>Found SW-DP with ID 0x2BA01477 >0x0D TIF> >0x28 TIF> >0x0D TIF> >0x28 TIF> >0x0D TIF> >0x28 TIF> >0x0D TIF> >0x28 TIF> >0x0D TIF> >0x21 TIF> >0x0D TIF> >0x28 TIF>AP map detection skipped. Manually configured AP map found.AP[0]: AHB-AP (IDR: Not set) >0x42 TIF> >0x28 TIF> >0x0D TIF> >0x28 TIF> >0x0D TIF> >0x21 TIF> >0x0D TIF> >0x21 TIF> >0x42 TIF> >0x28 TIF> >0x0D TIF> >0x28 TIF> >0x0D TIF> >0x28 TIF> >0x0D TIF> >0x0D TIF> >0x21 TIF> >0x0D TIF> >0x21 TIF>
AP[0]: Core foundAP[0]: AHB-AP ROM base: 0xE00FF000 >0x0D TIF> >0x28 TIF> >0x0D TIF> >0x28 TIF> >0x0D TIF> >0x28 TIF> >0x0D TIF> >0x0D TIF> >0x21 TIF> >0x0D TIF> >0x21 TIF>CPUID register: 0x410FC241. Implementer code: 0x41 (ARM)Found Cortex-M4 r0p1, Little endian. -- CPU_ReadMem(4 bytes @ 0xE000EDF0) -- CPU_ReadMem(4 bytes @ 0xE0002000) -- CPU_ReadMem(4 bytes @ 0xE000EDFC) -- CPU_ReadMem(4 bytes @ 0xE0001000) -- CPU_WriteMem(4 bytes @ 0xE0001000) -- CPU_ReadMem(4 bytes @ 0xE000ED88)
 -- CPU_WriteMem(4 bytes @ 0xE000ED88) -- CPU_ReadMem(4 bytes @ 0xE000ED88) -- CPU_WriteMem(4 bytes @ 0xE000ED88)CoreSight components:ROMTbl[0] @ E00FF000 -- CPU_ReadMem(16 bytes @ 0xE00FF000) -- CPU_ReadMem(16 bytes @ 0xE000EFF0) -- CPU_ReadMem(16 bytes @ 0xE000EFE0)ROMTbl[0][0]: E000E000, CID: B105E00D, PID: 000BB00C SCS-M7 -- CPU_ReadMem(16 bytes @ 0xE0001FF0) -- CPU_ReadMem(16 bytes @ 0xE0001FE0)ROMTbl[0][1]: E0001000, CID: B105E00D, PID: 003BB002 DWT -- CPU_ReadMem(16 bytes @ 0xE0002FF0)
 -- CPU_ReadMem(16 bytes @ 0xE0002FE0)ROMTbl[0][2]: E0002000, CID: B105E00D, PID: 002BB003 FPB -- CPU_ReadMem(16 bytes @ 0xE0000FF0) -- CPU_ReadMem(16 bytes @ 0xE0000FE0)ROMTbl[0][3]: E0000000, CID: B105E00D, PID: 003BB001 ITM -- CPU_ReadMem(16 bytes @ 0xE00FF010) -- CPU_ReadMem(16 bytes @ 0xE0040FF0) -- CPU_ReadMem(16 bytes @ 0xE0040FE0)ROMTbl[0][4]: E0040000, CID: B105900D, PID: 000BB9A1 TPIU
                JLINK_Reset() -- CPU_WriteMem(4 bytes @ 0x200158B0) -- CPU is running -- CPU_WriteMem(4 bytes @ 0xE000EDF0) -- CPU is running -- CPU_WriteMem(4 bytes @ 0xE000EDFC) >0x35 TIF> -- CPU is running -- CPU_WriteMem(4 bytes @ 0xE000ED0C) >0x0D TIF> >0x28 TIF> -- CPU_ReadMem(4 bytes @ 0xE000EDF0) -- CPU_ReadMem(4 bytes @ 0xE000EDF0) -- CPU is running -- CPU_WriteMem(4 bytes @ 0xE000EDF0) -- CPU is running -- CPU_WriteMem(4 bytes @ 0xE000EDFC) -- CPU_ReadMem(4 bytes @ 0xE000EDF0)
 -- CPU_WriteMem(4 bytes @ 0xE0002000) -- CPU_ReadMem(4 bytes @ 0xE000EDFC) -- CPU_ReadMem(4 bytes @ 0xE0001000) (0066ms, 0066ms total)
                JLINK_Go() -- CPU_ReadMem(4 bytes @ 0xE0001000) -- CPU_WriteMem(4 bytes @ 0xE0001004) (0001ms, 0067ms total)
               (0189ms, 2089ms total)
T2EB4 008:424  -- CPU_ReadMem(24 bytes @ 0x200158B0)JLINK_ResetNoHalt() >0x10B TIF>Found SW-DP with ID 0x2BA01477 >0x0D TIF> >0x28 TIF> >0x0D TIF> >0x28 TIF> >0x0D TIF> >0x28 TIF> >0x0D TIF> >0x28 TIF> >0x0D TIF> >0x21 TIF> >0x0D TIF> >0x28 TIF>AP map detection skipped. Manually configured AP map found.AP[0]: AHB-AP (IDR: Not set) >0x42 TIF> >0x28 TIF> >0x0D TIF> >0x28 TIF> >0x0D TIF> >0x21 TIF> >0x0D TIF> >0x21 TIF> >0x42 TIF> >0x28 TIF> >0x0D TIF> >0x28 TIF> >0x0D TIF> >0x28 TIF> >0x0D TIF> >0x21 TIF>
 >0x0D TIF> >0x21 TIF>AP[0]: Core foundAP[0]: AHB-AP ROM base: 0xE00FF000 >0x0D TIF> >0x28 TIF> >0x0D TIF> >0x28 TIF> >0x0D TIF> >0x28 TIF> >0x0D TIF> >0x0D TIF> >0x21 TIF> >0x0D TIF> >0x21 TIF>CPUID register: 0x410FC241. Implementer code: 0x41 (ARM)Found Cortex-M4 r0p1, Little endian. -- CPU_ReadMem(4 bytes @ 0xE000EDF0) -- CPU_ReadMem(4 bytes @ 0xE0002000) -- CPU_ReadMem(4 bytes @ 0xE000EDFC) -- CPU_ReadMem(4 bytes @ 0xE0001000) -- CPU_WriteMem(4 bytes @ 0xE0001000) -- CPU_ReadMem(4 bytes @ 0xE000ED88)
 -- CPU_WriteMem(4 bytes @ 0xE000ED88) -- CPU_ReadMem(4 bytes @ 0xE000ED88) -- CPU_WriteMem(4 bytes @ 0xE000ED88)CoreSight components:ROMTbl[0] @ E00FF000 -- CPU_ReadMem(16 bytes @ 0xE00FF000) -- CPU_ReadMem(16 bytes @ 0xE000EFF0) -- CPU_ReadMem(16 bytes @ 0xE000EFE0)ROMTbl[0][0]: E000E000, CID: B105E00D, PID: 000BB00C SCS-M7 -- CPU_ReadMem(16 bytes @ 0xE0001FF0) -- CPU_ReadMem(16 bytes @ 0xE0001FE0)ROMTbl[0][1]: E0001000, CID: B105E00D, PID: 003BB002 DWT -- CPU_ReadMem(16 bytes @ 0xE0002FF0)
 -- CPU_ReadMem(16 bytes @ 0xE0002FE0)ROMTbl[0][2]: E0002000, CID: B105E00D, PID: 002BB003 FPB -- CPU_ReadMem(16 bytes @ 0xE0000FF0) -- CPU_ReadMem(16 bytes @ 0xE0000FE0)ROMTbl[0][3]: E0000000, CID: B105E00D, PID: 003BB001 ITM -- CPU_ReadMem(16 bytes @ 0xE00FF010) -- CPU_ReadMem(16 bytes @ 0xE0040FF0) -- CPU_ReadMem(16 bytes @ 0xE0040FE0)ROMTbl[0][4]: E0040000, CID: B105900D, PID: 000BB9A1 TPIU
                JLINK_Reset() -- CPU_WriteMem(4 bytes @ 0x200158B0) -- CPU is running -- CPU_WriteMem(4 bytes @ 0xE000EDF0) -- CPU is running -- CPU_WriteMem(4 bytes @ 0xE000EDFC) >0x35 TIF> -- CPU is running -- CPU_WriteMem(4 bytes @ 0xE000ED0C) >0x0D TIF> >0x28 TIF> -- CPU_ReadMem(4 bytes @ 0xE000EDF0) -- CPU_ReadMem(4 bytes @ 0xE000EDF0) -- CPU is running -- CPU_WriteMem(4 bytes @ 0xE000EDF0) -- CPU is running -- CPU_WriteMem(4 bytes @ 0xE000EDFC) -- CPU_ReadMem(4 bytes @ 0xE000EDF0)
 -- CPU_WriteMem(4 bytes @ 0xE0002000) -- CPU_ReadMem(4 bytes @ 0xE000EDFC) -- CPU_ReadMem(4 bytes @ 0xE0001000) (0065ms, 0065ms total)
                JLINK_Go() -- CPU_ReadMem(4 bytes @ 0xE0001000) -- CPU_WriteMem(4 bytes @ 0xE0001004) (0001ms, 0066ms total)
               (0195ms, 2284ms total)
T2EB4 009:743  -- CPU_ReadMem(24 bytes @ 0x200158B0)JLINK_RTTERMINAL_Control(Cmd = JLINKARM_RTTERMINAL_CMD_START)  returns 0x00 (0000ms, 2284ms total)
T23C4 025:367 JLINK_RTTERMINAL_Control(Cmd = JLINKARM_RTTERMINAL_CMD_GETNUMBUF)  returns 0x03 (0000ms, 2284ms total)
T23C4 025:368 JLINK_RTTERMINAL_Control(Cmd = JLINKARM_RTTERMINAL_CMD_GETDESC) -- CPU_ReadMem(144 bytes @ 0x200158C8) -- CPU_ReadMem(32 bytes @ 0x000080BC) -- CPU_ReadMem(32 bytes @ 0x000066AC) -- CPU_ReadMem(32 bytes @ 0x000080BC)  returns 0x00 (0003ms, 2287ms total)
T23C4 025:371 JLINK_RTTERMINAL_Control(Cmd = JLINKARM_RTTERMINAL_CMD_GETDESC) -- CPU_ReadMem(32 bytes @ 0x0000C898)  returns 0x00 (0001ms, 2288ms total)
T23C4 025:372 JLINK_RTTERMINAL_Control(Cmd = JLINKARM_RTTERMINAL_CMD_GETDESC) -- CPU_ReadMem(32 bytes @ 0x000066AC)  returns 0x00 (0000ms, 2288ms total)
T23C4 025:373 JLINK_RTTERMINAL_Control(Cmd = JLINKARM_RTTERMINAL_CMD_GETNUMBUF)  returns 0x03 (0000ms, 2288ms total)
T23C4 025:373 JLINK_RTTERMINAL_Control(Cmd = JLINKARM_RTTERMINAL_CMD_GETDESC) -- CPU_ReadMem(144 bytes @ 0x200158C8) -- CPU_ReadMem(32 bytes @ 0x000080BC)  returns 0x00 (0001ms, 2289ms total)
T23C4 025:374 JLINK_RTTERMINAL_Control(Cmd = JLINKARM_RTTERMINAL_CMD_GETDESC)  returns 0x00 (0000ms, 2289ms total)
T23C4 025:375 JLINK_RTTERMINAL_Control(Cmd = JLINKARM_RTTERMINAL_CMD_GETDESC) -- CPU_ReadMem(32 bytes @ 0x000066AC)  returns 0x00 (0001ms, 2290ms total)
T23C4 036:898 JLINK_Close() >0x0D TIF> >0x28 TIF> >0x0D TIF> >0x28 TIF> >0x0D TIF> >0x28 TIF> >0x0D TIF> >0x28 TIF> >0x0D TIF> >0x28 TIF> >0x0D TIF> >0x28 TIF> >0x0D TIF> >0x28 TIF> >0x0D TIF> >0x28 TIF> >0x0D TIF> >0x0D TIF> >0x21 TIF> >0x0D TIF> >0x28 TIF> (0358ms, 2648ms total)
T23C4 036:898  (0358ms, 2648ms total)
T23C4 036:898 Closed (0358ms, 2648ms total)
